2021-09-27 17:12:37,024 DEBUG ClassPathXmlApplicationContext:629 - Refreshing org.springframework.context.support.ClassPathXmlApplicationContext@445b84c0
2021-09-27 17:12:37,228 DEBUG XmlBeanDefinitionReader:393 - Loaded 5 bean definitions from class path resource [applicationContext.xml]
2021-09-27 17:12:37,301 DEBUG DefaultListableBeanFactory:225 - Creating shared instance of singleton bean 'person01'
2021-09-27 17:12:37,387 DEBUG DefaultListableBeanFactory:225 - Creating shared instance of singleton bean 'person02'
2021-09-27 17:12:37,389 DEBUG DefaultListableBeanFactory:225 - Creating shared instance of singleton bean 'person03'
2021-09-27 17:12:37,393 DEBUG DefaultListableBeanFactory:225 - Creating shared instance of singleton bean 'person04'
2021-09-27 17:12:37,398 DEBUG DefaultListableBeanFactory:225 - Creating shared instance of singleton bean 'connection'
2021-09-27 17:12:40,245 DEBUG ClassPathXmlApplicationContext:629 - Refreshing org.springframework.context.support.ClassPathXmlApplicationContext@276438c9
2021-09-27 17:12:40,551 DEBUG XmlBeanDefinitionReader:393 - Loaded 5 bean definitions from class path resource [applicationContext.xml]
2021-09-27 17:12:40,618 DEBUG DefaultListableBeanFactory:225 - Creating shared instance of singleton bean 'person01'
2021-09-27 17:12:40,708 DEBUG DefaultListableBeanFactory:225 - Creating shared instance of singleton bean 'person02'
2021-09-27 17:12:40,710 DEBUG DefaultListableBeanFactory:225 - Creating shared instance of singleton bean 'person03'
2021-09-27 17:12:40,714 DEBUG DefaultListableBeanFactory:225 - Creating shared instance of singleton bean 'person04'
2021-09-27 17:12:40,717 DEBUG DefaultListableBeanFactory:225 - Creating shared instance of singleton bean 'connection'
2021-09-27 17:13:19,974 DEBUG ClassPathXmlApplicationContext:629 - Refreshing org.springframework.context.support.ClassPathXmlApplicationContext@445b84c0
2021-09-27 17:13:20,174 DEBUG XmlBeanDefinitionReader:393 - Loaded 5 bean definitions from class path resource [applicationContext.xml]
2021-09-27 17:13:20,227 DEBUG DefaultListableBeanFactory:225 - Creating shared instance of singleton bean 'person01'
2021-09-27 17:13:20,292 DEBUG DefaultListableBeanFactory:225 - Creating shared instance of singleton bean 'person02'
2021-09-27 17:13:20,293 DEBUG DefaultListableBeanFactory:225 - Creating shared instance of singleton bean 'person03'
2021-09-27 17:13:20,296 DEBUG DefaultListableBeanFactory:225 - Creating shared instance of singleton bean 'person04'
2021-09-27 17:13:20,298 DEBUG DefaultListableBeanFactory:225 - Creating shared instance of singleton bean 'connection'
2021-09-27 17:14:32,964 DEBUG ClassPathXmlApplicationContext:629 - Refreshing org.springframework.context.support.ClassPathXmlApplicationContext@445b84c0
2021-09-27 17:14:33,163 DEBUG XmlBeanDefinitionReader:393 - Loaded 5 bean definitions from class path resource [applicationContext.xml]
2021-09-27 17:14:33,215 DEBUG DefaultListableBeanFactory:225 - Creating shared instance of singleton bean 'person01'
2021-09-27 17:14:33,280 DEBUG DefaultListableBeanFactory:225 - Creating shared instance of singleton bean 'person02'
2021-09-27 17:14:33,282 DEBUG DefaultListableBeanFactory:225 - Creating shared instance of singleton bean 'person03'
2021-09-27 17:14:33,285 DEBUG DefaultListableBeanFactory:225 - Creating shared instance of singleton bean 'person04'
2021-09-27 17:14:33,287 DEBUG DefaultListableBeanFactory:225 - Creating shared instance of singleton bean 'connection'
2021-09-27 17:21:16,127 DEBUG ClassPathXmlApplicationContext:629 - Refreshing org.springframework.context.support.ClassPathXmlApplicationContext@233c0b17
2021-09-27 17:21:16,337 DEBUG XmlBeanDefinitionReader:393 - Loaded 6 bean definitions from class path resource [applicationContext.xml]
2021-09-27 17:21:16,405 DEBUG DefaultListableBeanFactory:225 - Creating shared instance of singleton bean 'person01'
2021-09-27 17:21:16,471 DEBUG DefaultListableBeanFactory:225 - Creating shared instance of singleton bean 'person02'
2021-09-27 17:21:16,473 DEBUG DefaultListableBeanFactory:225 - Creating shared instance of singleton bean 'person03'
2021-09-27 17:21:16,476 DEBUG DefaultListableBeanFactory:225 - Creating shared instance of singleton bean 'person04'
2021-09-27 17:21:16,478 DEBUG DefaultListableBeanFactory:225 - Creating shared instance of singleton bean 'connection'
2021-09-27 17:21:16,479 DEBUG DefaultListableBeanFactory:225 - Creating shared instance of singleton bean '自定义的sqlSession生成'
2021-09-27 17:22:11,615 DEBUG ClassPathXmlApplicationContext:629 - Refreshing org.springframework.context.support.ClassPathXmlApplicationContext@233c0b17
2021-09-27 17:22:11,840 DEBUG XmlBeanDefinitionReader:393 - Loaded 6 bean definitions from class path resource [applicationContext.xml]
2021-09-27 17:22:11,894 DEBUG DefaultListableBeanFactory:225 - Creating shared instance of singleton bean 'person01'
2021-09-27 17:22:11,959 DEBUG DefaultListableBeanFactory:225 - Creating shared instance of singleton bean 'person02'
2021-09-27 17:22:11,960 DEBUG DefaultListableBeanFactory:225 - Creating shared instance of singleton bean 'person03'
2021-09-27 17:22:11,965 DEBUG DefaultListableBeanFactory:225 - Creating shared instance of singleton bean 'person04'
2021-09-27 17:22:11,967 DEBUG DefaultListableBeanFactory:225 - Creating shared instance of singleton bean 'connection'
2021-09-27 17:22:11,968 DEBUG DefaultListableBeanFactory:225 - Creating shared instance of singleton bean 'sqlSession'
2021-09-27 17:22:12,216 DEBUG LogFactory:105 - Logging initialized using 'class org.apache.ibatis.logging.slf4j.Slf4jImpl' adapter.
2021-09-27 17:22:12,243 DEBUG PooledDataSource:353 - PooledDataSource forcefully closed/removed all connections.
2021-09-27 17:22:12,243 DEBUG PooledDataSource:353 - PooledDataSource forcefully closed/removed all connections.
2021-09-27 17:22:12,244 DEBUG PooledDataSource:353 - PooledDataSource forcefully closed/removed all connections.
2021-09-27 17:22:12,244 DEBUG PooledDataSource:353 - PooledDataSource forcefully closed/removed all connections.
